       Value     Percentile TotalCount 1/(1-Percentile)

       0.239 0.000000000000      34217           1.00
       0.239 0.100000000000      34217           1.11
       0.239 0.200000000000      34217           1.25
       0.239 0.300000000000      34217           1.43
       0.239 0.400000000000      34217           1.67
       0.239 0.500000000000      34217           2.00
       0.239 0.550000000000      34217           2.22
       0.239 0.600000000000      34217           2.50
       0.239 0.650000000000      34217           2.86
       0.239 0.700000000000      34217           3.33
       0.239 0.750000000000      34217           4.00
       0.239 0.775000000000      34217           4.44
       0.239 0.800000000000      34217           5.00
       0.239 0.825000000000      34217           5.71
       0.239 0.850000000000      34217           6.67
       0.242 0.875000000000      35087           8.00
       0.244 0.887500000000      35565           8.89
       0.245 0.900000000000      36023          10.00
       0.247 0.912500000000      36687          11.43
       0.248 0.925000000000      37160          13.33
       0.249 0.937500000000      37852          16.00
       0.249 0.943750000000      37852          17.78
       0.250 0.950000000000      38018          20.00
       0.251 0.956250000000      38270          22.86
       0.254 0.962500000000      38515          26.67
       0.259 0.968750000000      38783          32.00
       0.261 0.971875000000      38901          35.56
       0.263 0.975000000000      39011          40.00
       0.264 0.978125000000      39769          45.71
       0.264 0.981250000000      39769          53.33
       0.264 0.984375000000      39769          64.00
       0.264 0.985937500000      39769          71.11
       0.264 0.987500000000      39769          80.00
       0.264 0.989062500000      39769          91.43
       0.264 0.990625000000      39769         106.67
       0.264 0.992187500000      39769         128.00
       0.264 0.992968750000      39769         142.22
       0.264 0.993750000000      39769         160.00
       0.265 0.994531250000      39801         182.86
       0.265 0.995312500000      39841         213.33
       0.266 0.996093750000      39886         256.00
       0.266 0.996484375000      39886         284.44
       0.266 0.996875000000      39886         320.00
       0.266 0.997265625000      39916         365.71
       0.266 0.997656250000      39916         426.67
       0.267 0.998046875000      39936         512.00
       0.267 0.998242187500      39936         568.89
       0.267 0.998437500000      39950         640.00
       0.267 0.998632812500      39950         731.43
       0.268 0.998828125000      39958         853.33
       0.268 0.999023437500      39964        1024.00
       0.269 0.999121093750      39970        1137.78
       0.269 0.999218750000      39970        1280.00
       0.269 0.999316406250      39974        1462.86
       0.270 0.999414062500      39977        1706.67
       0.272 0.999511718750      39982        2048.00
       0.272 0.999560546875      39983        2275.56
       0.273 0.999609375000      39985        2560.00
       0.274 0.999658203125      39988        2925.71
       0.274 0.999707031250      39989        3413.33
       0.279 0.999755859375      39991        4096.00
       0.282 0.999780273438      39992        4551.11
       0.300 0.999804687500      39993        5120.00
       0.316 0.999829101563      39994        5851.43
       0.326 0.999853515625      39995        6826.67
       0.392 0.999877929688      39996        8192.00
       0.392 0.999890136719      39996        9102.22
       0.424 0.999902343750      39997       10240.00
       0.424 0.999914550781      39997       11702.86
       0.606 0.999926757813      39998       13653.33
       0.606 0.999938964844      39998       16384.00
       0.606 0.999945068359      39998       18204.44
       0.798 0.999951171875      39999       20480.00
       0.798 0.999957275391      39999       23405.71
       0.798 0.999963378906      39999       27306.67
       0.798 0.999969482422      39999       32768.00
       0.798 0.999972534180      39999       36408.89
       2.793 0.999975585938      40000       40960.00
       2.793 1.000000000000      40000
#[Mean    =        0.241, StdDeviation   =        0.014]
#[Max     =        2.793, Total count    =        40000]
#[Buckets =           11, SubBuckets     =         2048]
