       Value     Percentile TotalCount 1/(1-Percentile)

       0.239 0.000000000000      12380           1.00
       0.239 0.100000000000      12380           1.11
       0.239 0.200000000000      12380           1.25
       0.239 0.300000000000      12380           1.43
       0.260 0.400000000000      16060           1.67
       0.264 0.500000000000      27756           2.00
       0.264 0.550000000000      27756           2.22
       0.264 0.600000000000      27756           2.50
       0.264 0.650000000000      27756           2.86
       0.265 0.700000000000      28624           3.33
       0.266 0.750000000000      30440           4.00
       0.267 0.775000000000      31449           4.44
       0.268 0.800000000000      32478           5.00
       0.269 0.825000000000      33459           5.71
       0.270 0.850000000000      34466           6.67
       0.271 0.875000000000      35312           8.00
       0.272 0.887500000000      35704           8.89
       0.272 0.900000000000      36016          10.00
       0.273 0.912500000000      36641          11.43
       0.274 0.925000000000      37075          13.33
       0.276 0.937500000000      37595          16.00
       0.277 0.943750000000      37864          17.78
       0.278 0.950000000000      38088          20.00
       0.279 0.956250000000      38281          22.86
       0.281 0.962500000000      38582          26.67
       0.282 0.968750000000      38750          32.00
       0.283 0.971875000000      38906          35.56
       0.284 0.975000000000      39000          40.00
       0.286 0.978125000000      39132          45.71
       0.288 0.981250000000      39259          53.33
       0.291 0.984375000000      39380          64.00
       0.294 0.985937500000      39448          71.11
       0.296 0.987500000000      39510          80.00
       0.298 0.989062500000      39563          91.43
       0.302 0.990625000000      39625         106.67
       0.307 0.992187500000      39692         128.00
       0.310 0.992968750000      39723         142.22
       0.313 0.993750000000      39750         160.00
       0.316 0.994531250000      39782         182.86
       0.322 0.995312500000      39817         213.33
       0.327 0.996093750000      39844         256.00
       0.330 0.996484375000      39860         284.44
       0.333 0.996875000000      39876         320.00
       0.336 0.997265625000      39891         365.71
       0.342 0.997656250000      39907         426.67
       0.349 0.998046875000      39922         512.00
       0.353 0.998242187500      39931         568.89
       0.357 0.998437500000      39939         640.00
       0.365 0.998632812500      39946         731.43
       0.374 0.998828125000      39954         853.33
       0.381 0.999023437500      39961        1024.00
       0.388 0.999121093750      39965        1137.78
       0.397 0.999218750000      39969        1280.00
       0.402 0.999316406250      39973        1462.86
       0.411 0.999414062500      39977        1706.67
       0.419 0.999511718750      39981        2048.00
       0.441 0.999560546875      39983        2275.56
       0.458 0.999609375000      39985        2560.00
       0.480 0.999658203125      39987        2925.71
       0.492 0.999707031250      39989        3413.33
       0.507 0.999755859375      39991        4096.00
       0.509 0.999780273438      39992        4551.11
       0.517 0.999804687500      39993        5120.00
       0.532 0.999829101563      39994        5851.43
       0.547 0.999853515625      39995        6826.67
       0.605 0.999877929688      39996        8192.00
       0.605 0.999890136719      39996        9102.22
       0.701 0.999902343750      39997       10240.00
       0.701 0.999914550781      39997       11702.86
       0.918 0.999926757813      39998       13653.33
       0.918 0.999938964844      39998       16384.00
       0.918 0.999945068359      39998       18204.44
       1.155 0.999951171875      39999       20480.00
       1.155 0.999957275391      39999       23405.71
       1.155 0.999963378906      39999       27306.67
       1.155 0.999969482422      39999       32768.00
       1.155 0.999972534180      39999       36408.89
       2.816 0.999975585938      40000       40960.00
       2.816 1.000000000000      40000
#[Mean    =        0.258, StdDeviation   =        0.022]
#[Max     =        2.816, Total count    =        40000]
#[Buckets =           11, SubBuckets     =         2048]
