Events disabled
method main() entered at 65 ms
Events enabled
executions started at 165 ms
dummy result is 19999980000000000
40000 executions took 14226.7 ms (0.356 ms per execution)
mean 0.356 ms, std dev 0.773 ms, histogram-main.log
min 0.264 ms, med 0.297 ms, max 32.326 ms
39959 samples greater than 0.277 ms (99.898 percentile)
measurement finished at 14499 ms

 Performance counter stats for 'java -cp target/dependency/*:target/classes/:target/test-classes/ pl.gdela.bounds.Measure CpuHeavy.sum -i 40000 -h':

         12 473,92 msec task-clock                       #    0,866 CPUs utilized             
             4 875      context-switches                 #  390,815 /sec                      
                40      cpu-migrations                   #    3,207 /sec                      
             1 377      page-faults                      #  110,390 /sec                      
    47 264 315 560      cycles                           #    3,789 GHz                       
    55 746 769 664      instructions                     #    1,18  insn per cycle            
     2 641 787 289      branches                         #  211,785 M/sec                     
         8 457 666      branch-misses                    #    0,32% of all branches           
   107 210 190 685      slots                            #    8,595 G/sec                     
    47 309 344 536      topdown-retiring                 #     36,3% Retiring                 
    35 050 835 537      topdown-bad-spec                 #     26,9% Bad Speculation          
    28 350 080 562      topdown-fe-bound                 #     21,8% Frontend Bound           
    19 621 249 417      topdown-be-bound                 #     15,1% Backend Bound            

      14,406950369 seconds time elapsed

      12,577115000 seconds user
       0,028002000 seconds sys


