cset: --> last message, executed args into cpuset "/user", new pid is: 443086
Events disabled
method main() entered at 97 ms
Events enabled
executions started at 190 ms
dummy result is 19999980000000000
40000 executions took 16750.8 ms (0.419 ms per execution)
mean 0.418 ms, std dev 0.065 ms, histogram-main.log
min 0.417 ms, med 0.418 ms, max 13.222 ms
53 samples greater than 0.438 ms (0.127 percentile)
measurement finished at 17015 ms

 Performance counter stats for 'java -cp target/dependency/*:target/classes/:target/test-classes/ pl.gdela.bounds.Measure CpuHeavy.sum -i 40000 -h':

         17 010,57 msec task-clock                       #    1,008 CPUs utilized             
               953      context-switches                 #   56,024 /sec                      
                52      cpu-migrations                   #    3,057 /sec                      
               984      page-faults                      #   57,846 /sec                      
    40 723 652 261      cycles                           #    2,394 GHz                       
    55 702 454 442      instructions                     #    1,37  insn per cycle            
     2 632 710 069      branches                         #  154,769 M/sec                     
         7 962 999      branch-misses                    #    0,30% of all branches           
   201 502 476 735      slots                            #   11,846 G/sec                     
    52 045 359 122      topdown-retiring                 #     24,5% Retiring                 
    15 484 106 224      topdown-bad-spec                 #      7,3% Bad Speculation          
     3 685 122 245      topdown-fe-bound                 #      1,7% Frontend Bound           
   141 056 464 785      topdown-be-bound                 #     66,5% Backend Bound            

      16,872949301 seconds time elapsed

      17,224181000 seconds user
       0,048011000 seconds sys


