       Value     Percentile TotalCount 1/(1-Percentile)

       0.418 0.000000000000      35600           1.00
       0.418 0.100000000000      35600           1.11
       0.418 0.200000000000      35600           1.25
       0.418 0.300000000000      35600           1.43
       0.418 0.400000000000      35600           1.67
       0.418 0.500000000000      35600           2.00
       0.418 0.550000000000      35600           2.22
       0.418 0.600000000000      35600           2.50
       0.418 0.650000000000      35600           2.86
       0.418 0.700000000000      35600           3.33
       0.418 0.750000000000      35600           4.00
       0.418 0.775000000000      35600           4.44
       0.418 0.800000000000      35600           5.00
       0.418 0.825000000000      35600           5.71
       0.418 0.850000000000      35600           6.67
       0.418 0.875000000000      35600           8.00
       0.418 0.887500000000      35600           8.89
       0.420 0.900000000000      36780          10.00
       0.420 0.912500000000      36780          11.43
       0.420 0.925000000000      38360          13.33
       0.420 0.937500000000      38360          16.00
       0.420 0.943750000000      38360          17.78
       0.420 0.950000000000      38360          20.00
       0.420 0.956250000000      38360          22.86
       0.421 0.962500000000      39500          26.67
       0.421 0.968750000000      39500          32.00
       0.421 0.971875000000      39500          35.56
       0.421 0.975000000000      39500          40.00
       0.421 0.978125000000      39500          45.71
       0.421 0.981250000000      39500          53.33
       0.421 0.984375000000      39500          64.00
       0.421 0.985937500000      39500          71.11
       0.421 0.987500000000      39500          80.00
       0.421 0.989062500000      39745          91.43
       0.421 0.990625000000      39745         106.67
       0.421 0.992187500000      39745         128.00
       0.421 0.992968750000      39745         142.22
       0.422 0.993750000000      39812         160.00
       0.422 0.994531250000      39812         182.86
       0.422 0.995312500000      39848         213.33
       0.422 0.996093750000      39848         256.00
       0.423 0.996484375000      39882         284.44
       0.423 0.996875000000      39882         320.00
       0.423 0.997265625000      39905         365.71
       0.424 0.997656250000      39917         426.67
       0.425 0.998046875000      39922         512.00
       0.428 0.998242187500      39932         568.89
       0.429 0.998437500000      39942         640.00
       0.430 0.998632812500      39948         731.43
       0.430 0.998828125000      39957         853.33
       0.431 0.999023437500      39964        1024.00
       0.431 0.999121093750      39970        1137.78
       0.431 0.999218750000      39970        1280.00
       0.432 0.999316406250      39974        1462.86
       0.434 0.999414062500      39979        1706.67
       0.435 0.999511718750      39981        2048.00
       0.435 0.999560546875      39983        2275.56
       0.436 0.999609375000      39985        2560.00
       0.437 0.999658203125      39988        2925.71
       0.440 0.999707031250      39989        3413.33
       0.442 0.999755859375      39991        4096.00
       0.443 0.999780273438      39992        4551.11
       0.445 0.999804687500      39993        5120.00
       0.447 0.999829101563      39994        5851.43
       0.448 0.999853515625      39995        6826.67
       0.453 0.999877929688      39996        8192.00
       0.453 0.999890136719      39996        9102.22
       0.459 0.999902343750      39997       10240.00
       0.459 0.999914550781      39997       11702.86
       0.467 0.999926757813      39998       13653.33
       0.467 0.999938964844      39998       16384.00
       0.467 0.999945068359      39998       18204.44
       0.469 0.999951171875      39999       20480.00
       0.469 0.999957275391      39999       23405.71
       0.469 0.999963378906      39999       27306.67
       0.469 0.999969482422      39999       32768.00
       0.469 0.999972534180      39999       36408.89
       0.488 0.999975585938      40000       40960.00
       0.488 1.000000000000      40000
#[Mean    =        0.418, StdDeviation   =        0.001]
#[Max     =        0.488, Total count    =        40000]
#[Buckets =           11, SubBuckets     =         2048]
