       Value     Percentile TotalCount 1/(1-Percentile)

       0.418 0.000000000000    1778962           1.00
       0.418 0.100000000000    1778962           1.11
       0.418 0.200000000000    1778962           1.25
       0.418 0.300000000000    1778962           1.43
       0.418 0.400000000000    1778962           1.67
       0.418 0.500000000000    1778962           2.00
       0.418 0.550000000000    1778962           2.22
       0.418 0.600000000000    1778962           2.50
       0.418 0.650000000000    1778962           2.86
       0.418 0.700000000000    1778962           3.33
       0.418 0.750000000000    1778962           4.00
       0.418 0.775000000000    1778962           4.44
       0.418 0.800000000000    1778962           5.00
       0.418 0.825000000000    1778962           5.71
       0.418 0.850000000000    1778962           6.67
       0.418 0.875000000000    1778962           8.00
       0.418 0.887500000000    1778962           8.89
       0.420 0.900000000000    1837530          10.00
       0.420 0.912500000000    1837530          11.43
       0.420 0.925000000000    1927561          13.33
       0.420 0.937500000000    1927561          16.00
       0.420 0.943750000000    1927561          17.78
       0.420 0.950000000000    1927561          20.00
       0.420 0.956250000000    1927561          22.86
       0.420 0.962500000000    1927561          26.67
       0.421 0.968750000000    1976411          32.00
       0.421 0.971875000000    1976411          35.56
       0.421 0.975000000000    1976411          40.00
       0.421 0.978125000000    1976411          45.71
       0.421 0.981250000000    1976411          53.33
       0.421 0.984375000000    1976411          64.00
       0.421 0.985937500000    1976411          71.11
       0.421 0.987500000000    1976411          80.00
       0.421 0.989062500000    1985186          91.43
       0.421 0.990625000000    1985186         106.67
       0.421 0.992187500000    1985186         128.00
       0.422 0.992968750000    1987814         142.22
       0.422 0.993750000000    1987814         160.00
       0.422 0.994531250000    1989503         182.86
       0.423 0.995312500000    1991043         213.33
       0.423 0.996093750000    1992468         256.00
       0.424 0.996484375000    1993636         284.44
       0.424 0.996875000000    1994614         320.00
       0.424 0.997265625000    1994614         365.71
       0.425 0.997656250000    1995397         426.67
       0.426 0.998046875000    1996333         512.00
       0.426 0.998242187500    1996646         568.89
       0.428 0.998437500000    1997162         640.00
       0.428 0.998632812500    1997793         731.43
       0.428 0.998828125000    1997793         853.33
       0.429 0.999023437500    1998158        1024.00
       0.429 0.999121093750    1998391        1137.78
       0.430 0.999218750000    1998585        1280.00
       0.430 0.999316406250    1999079        1462.86
       0.430 0.999414062500    1999079        1706.67
       0.430 0.999511718750    1999079        2048.00
       0.431 0.999560546875    1999401        2275.56
       0.431 0.999609375000    1999401        2560.00
       0.431 0.999658203125    1999401        2925.71
       0.431 0.999707031250    1999534        3413.33
       0.431 0.999755859375    1999534        4096.00
       0.432 0.999780273438    1999632        4551.11
       0.432 0.999804687500    1999632        5120.00
       0.432 0.999829101563    1999689        5851.43
       0.433 0.999853515625    1999737        6826.67
       0.433 0.999877929688    1999779        8192.00
       0.434 0.999890136719    1999818        9102.22
       0.434 0.999902343750    1999818       10240.00
       0.434 0.999914550781    1999834       11702.86
       0.435 0.999926757813    1999861       13653.33
       0.436 0.999938964844    1999879       16384.00
       0.437 0.999945068359    1999898       18204.44
       0.438 0.999951171875    1999906       20480.00
       0.440 0.999957275391    1999916       23405.71
       0.443 0.999963378906    1999928       27306.67
       0.446 0.999969482422    1999940       32768.00
       0.451 0.999972534180    1999946       36408.89
       0.453 0.999975585938    1999952       40960.00
       0.458 0.999978637695    1999958       46811.43
       0.461 0.999981689453    1999965       54613.33
       0.475 0.999984741211    1999970       65536.00
       0.488 0.999986267090    1999973       72817.78
       0.938 0.999987792969    1999977       81920.00
       0.944 0.999989318848    1999979       93622.86
       0.946 0.999990844727    1999983      109226.67
       0.947 0.999992370605    1999986      131072.00
       0.948 0.999993133545    1999987      145635.56
       0.949 0.999993896484    1999988      163840.00
       0.986 0.999994659424    1999990      187245.71
       0.986 0.999995422363    1999991      218453.33
       0.993 0.999996185303    1999994      262144.00
       0.993 0.999996566772    1999994      291271.11
       0.993 0.999996948242    1999994      327680.00
       0.994 0.999997329712    1999996      374491.43
       0.994 0.999997711182    1999996      436906.67
       0.995 0.999998092651    1999997      524288.00
       0.995 0.999998283386    1999997      582542.22
       0.995 0.999998474121    1999997      655360.00
       0.999 0.999998664856    1999998      748982.86
       0.999 0.999998855591    1999998      873813.33
       1.000 0.999999046326    1999999     1048576.00
       1.000 0.999999141693    1999999     1165084.44
       1.000 0.999999237061    1999999     1310720.00
       1.000 0.999999332428    1999999     1497965.71
       1.000 0.999999427795    1999999     1747626.67
       1.034 0.999999523163    2000000     2097152.00
       1.034 1.000000000000    2000000
#[Mean    =        0.418, StdDeviation   =        0.002]
#[Max     =        1.034, Total count    =      2000000]
#[Buckets =           11, SubBuckets     =         2048]
