       Value     Percentile TotalCount 1/(1-Percentile)

       0.264 0.000000000000          1           1.00
       0.308 0.100000000000       5404           1.11
       0.308 0.200000000000      25550           1.25
       0.308 0.300000000000      25550           1.43
       0.308 0.400000000000      25550           1.67
       0.308 0.500000000000      25550           2.00
       0.308 0.550000000000      25550           2.22
       0.308 0.600000000000      25550           2.50
       0.309 0.650000000000      35968           2.86
       0.309 0.700000000000      35968           3.33
       0.309 0.750000000000      35968           4.00
       0.309 0.775000000000      35968           4.44
       0.309 0.800000000000      35968           5.00
       0.309 0.825000000000      35968           5.71
       0.309 0.850000000000      35968           6.67
       0.309 0.875000000000      35968           8.00
       0.309 0.887500000000      35968           8.89
       0.309 0.900000000000      36381          10.00
       0.310 0.912500000000      37748          11.43
       0.310 0.925000000000      37748          13.33
       0.310 0.937500000000      37748          16.00
       0.310 0.943750000000      38280          17.78
       0.310 0.950000000000      38280          20.00
       0.310 0.956250000000      38280          22.86
       0.313 0.962500000000      38506          26.67
       0.317 0.968750000000      39024          32.00
       0.317 0.971875000000      39024          35.56
       0.317 0.975000000000      39024          40.00
       0.317 0.978125000000      39225          45.71
       0.318 0.981250000000      39290          53.33
       0.320 0.984375000000      39383          64.00
       0.325 0.985937500000      39442          71.11
       0.343 0.987500000000      39500          80.00
       0.423 0.989062500000      39563          91.43
       1.360 0.990625000000      39660         106.67
       1.370 0.992187500000      39839         128.00
       1.370 0.992968750000      39839         142.22
       1.370 0.993750000000      39839         160.00
       1.370 0.994531250000      39839         182.86
       1.370 0.995312500000      39839         213.33
       1.371 0.996093750000      39860         256.00
       1.371 0.996484375000      39860         284.44
       2.230 0.996875000000      39875         320.00
       7.365 0.997265625000      39891         365.71
      10.879 0.997656250000      39907         426.67
      12.321 0.998046875000      39935         512.00
      12.321 0.998242187500      39935         568.89
      12.829 0.998437500000      39938         640.00
      14.098 0.998632812500      39946         731.43
      16.310 0.998828125000      39958         853.33
      16.318 0.999023437500      39988        1024.00
      16.318 0.999121093750      39988        1137.78
      16.318 0.999218750000      39988        1280.00
      16.318 0.999316406250      39988        1462.86
      16.318 0.999414062500      39988        1706.67
      16.318 0.999511718750      39988        2048.00
      16.318 0.999560546875      39988        2275.56
      16.318 0.999609375000      39988        2560.00
      16.318 0.999658203125      39988        2925.71
      16.327 0.999707031250      39989        3413.33
      19.022 0.999755859375      39991        4096.00
      20.316 0.999780273438      39995        4551.11
      20.316 0.999804687500      39995        5120.00
      20.316 0.999829101563      39995        5851.43
      20.316 0.999853515625      39995        6826.67
      20.333 0.999877929688      39996        8192.00
      20.333 0.999890136719      39996        9102.22
      23.380 0.999902343750      39997       10240.00
      23.380 0.999914550781      39997       11702.86
      24.314 0.999926757813      39998       13653.33
      24.314 0.999938964844      39998       16384.00
      24.314 0.999945068359      39998       18204.44
      24.330 0.999951171875      39999       20480.00
      24.330 0.999957275391      39999       23405.71
      24.330 0.999963378906      39999       27306.67
      24.330 0.999969482422      39999       32768.00
      24.330 0.999972534180      39999       36408.89
      32.326 0.999975585938      40000       40960.00
      32.326 1.000000000000      40000
#[Mean    =        0.356, StdDeviation   =        0.773]
#[Max     =       32.326, Total count    =        40000]
#[Buckets =           11, SubBuckets     =         2048]
