       Value     Percentile TotalCount 1/(1-Percentile)

       0.264 0.000000000000      36947           1.00
       0.264 0.100000000000      36947           1.11
       0.264 0.200000000000      36947           1.25
       0.264 0.300000000000      36947           1.43
       0.264 0.400000000000      36947           1.67
       0.264 0.500000000000      36947           2.00
       0.264 0.550000000000      36947           2.22
       0.264 0.600000000000      36947           2.50
       0.264 0.650000000000      36947           2.86
       0.264 0.700000000000      36947           3.33
       0.264 0.750000000000      36947           4.00
       0.264 0.775000000000      36947           4.44
       0.264 0.800000000000      36947           5.00
       0.264 0.825000000000      36947           5.71
       0.264 0.850000000000      36947           6.67
       0.264 0.875000000000      36947           8.00
       0.264 0.887500000000      36947           8.89
       0.264 0.900000000000      36947          10.00
       0.264 0.912500000000      36947          11.43
       0.265 0.925000000000      37087          13.33
       0.266 0.937500000000      39093          16.00
       0.266 0.943750000000      39093          17.78
       0.266 0.950000000000      39093          20.00
       0.266 0.956250000000      39093          22.86
       0.266 0.962500000000      39093          26.67
       0.266 0.968750000000      39093          32.00
       0.266 0.971875000000      39093          35.56
       0.266 0.975000000000      39093          40.00
       0.266 0.978125000000      39723          45.71
       0.266 0.981250000000      39723          53.33
       0.266 0.984375000000      39723          64.00
       0.266 0.985937500000      39723          71.11
       0.266 0.987500000000      39723          80.00
       0.266 0.989062500000      39723          91.43
       0.266 0.990625000000      39723         106.67
       0.266 0.992187500000      39723         128.00
       0.266 0.992968750000      39723         142.22
       0.267 0.993750000000      39814         160.00
       0.267 0.994531250000      39814         182.86
       0.267 0.995312500000      39814         213.33
       0.267 0.996093750000      39862         256.00
       0.267 0.996484375000      39862         284.44
       0.268 0.996875000000      39876         320.00
       0.269 0.997265625000      39904         365.71
       0.269 0.997656250000      39912         426.67
       0.271 0.998046875000      39924         512.00
       0.272 0.998242187500      39930         568.89
       0.274 0.998437500000      39939         640.00
       0.275 0.998632812500      39949         731.43
       0.275 0.998828125000      39955         853.33
       0.276 0.999023437500      39963        1024.00
       0.276 0.999121093750      39967        1137.78
       0.278 0.999218750000      39970        1280.00
       0.279 0.999316406250      39973        1462.86
       0.280 0.999414062500      39977        1706.67
       0.282 0.999511718750      39981        2048.00
       0.283 0.999560546875      39983        2275.56
       0.284 0.999609375000      39985        2560.00
       0.290 0.999658203125      39987        2925.71
       0.296 0.999707031250      39989        3413.33
       0.300 0.999755859375      39991        4096.00
       0.301 0.999780273438      39992        4551.11
       0.307 0.999804687500      39993        5120.00
       0.309 0.999829101563      39994        5851.43
       0.367 0.999853515625      39995        6826.67
       0.600 0.999877929688      39996        8192.00
       0.600 0.999890136719      39996        9102.22
       0.617 0.999902343750      39997       10240.00
       0.617 0.999914550781      39997       11702.86
       0.674 0.999926757813      39998       13653.33
       0.674 0.999938964844      39998       16384.00
       0.674 0.999945068359      39998       18204.44
       1.033 0.999951171875      39999       20480.00
       1.033 0.999957275391      39999       23405.71
       1.033 0.999963378906      39999       27306.67
       1.033 0.999969482422      39999       32768.00
       1.033 0.999972534180      39999       36408.89
       7.995 0.999975585938      40000       40960.00
       7.995 1.000000000000      40000
#[Mean    =        0.264, StdDeviation   =        0.039]
#[Max     =        7.995, Total count    =        40000]
#[Buckets =           11, SubBuckets     =         2048]
